0 info it worked if it ends with ok
1 verbose cli [ 'C:\\Program Files\\nodejs\\\\node.exe',
1 verbose cli   'C:\\Program Files\\nodejs\\node_modules\\npm\\bin\\npm-cli.js',
1 verbose cli   'install',
1 verbose cli   'chaijs' ]
2 info using npm@1.3.17
3 info using node@v0.10.23
4 verbose node symlink C:\Program Files\nodejs\\node.exe
5 verbose cache add [ 'chaijs', null ]
6 verbose cache add name=undefined spec="chaijs" args=["chaijs",null]
7 verbose parsed url { protocol: null,
7 verbose parsed url   slashes: null,
7 verbose parsed url   auth: null,
7 verbose parsed url   host: null,
7 verbose parsed url   port: null,
7 verbose parsed url   hostname: null,
7 verbose parsed url   hash: null,
7 verbose parsed url   search: null,
7 verbose parsed url   query: null,
7 verbose parsed url   pathname: 'chaijs',
7 verbose parsed url   path: 'chaijs',
7 verbose parsed url   href: 'chaijs' }
8 silly lockFile a48411f7-chaijs chaijs
9 verbose lock chaijs C:\Users\vlad\AppData\Roaming\npm-cache\a48411f7-chaijs.lock
10 silly lockFile a48411f7-chaijs chaijs
11 silly lockFile a48411f7-chaijs chaijs
12 verbose addNamed [ 'chaijs', '' ]
13 verbose addNamed [ null, '*' ]
14 silly lockFile eac8706f-chaijs chaijs@
15 verbose lock chaijs@ C:\Users\vlad\AppData\Roaming\npm-cache\eac8706f-chaijs.lock
16 silly addNameRange { name: 'chaijs', range: '*', hasData: false }
17 verbose url raw chaijs
18 verbose url resolving [ 'https://registry.npmjs.org/', './chaijs' ]
19 verbose url resolved https://registry.npmjs.org/chaijs
20 info trying registry request attempt 1 at 14:36:07
21 http GET https://registry.npmjs.org/chaijs
22 http 404 https://registry.npmjs.org/chaijs
23 silly registry.get cb [ 404,
23 silly registry.get   { date: 'Mon, 19 Jan 2015 12:38:25 GMT',
23 silly registry.get     server: 'CouchDB/1.5.0 (Erlang OTP/R16B03)',
23 silly registry.get     'content-type': 'application/json',
23 silly registry.get     'cache-control': 'max-age=0',
23 silly registry.get     'content-length': '52',
23 silly registry.get     'accept-ranges': 'bytes',
23 silly registry.get     via: '1.1 varnish',
23 silly registry.get     age: '0',
23 silly registry.get     'x-served-by': 'cache-fra1226-FRA',
23 silly registry.get     'x-cache': 'MISS',
23 silly registry.get     'x-cache-hits': '0',
23 silly registry.get     'x-timer': 'S1421671105.823438,VS0,VE110',
23 silly registry.get     'keep-alive': 'timeout=10, max=50',
23 silly registry.get     connection: 'Keep-Alive' } ]
24 silly lockFile eac8706f-chaijs chaijs@
25 silly lockFile eac8706f-chaijs chaijs@
26 error 404 'chaijs' is not in the npm registry.
26 error 404 You should bug the author to publish it
26 error 404
26 error 404 Note that you can also install from a
26 error 404 tarball, folder, or http url, or git url.
27 error System Windows_NT 6.1.7601
28 error command "C:\\Program Files\\nodejs\\\\node.exe" "C:\\Program Files\\nodejs\\node_modules\\npm\\bin\\npm-cli.js" "install" "chaijs"
29 error cwd E:\github\typecorejs
30 error node -v v0.10.23
31 error npm -v 1.3.17
32 error code E404
33 verbose exit [ 1, true ]
